[debug] [2022-10-27T11:48:07.025Z] ----------------------------------------------------------------------
[debug] [2022-10-27T11:48:07.027Z] Command:       C:\Program Files\nodejs\node.exe C:\Users\arifm\AppData\Roaming\npm\node_modules\firebase-tools\lib\bin\firebase.js login
[debug] [2022-10-27T11:48:07.028Z] CLI Version:   11.15.0
[debug] [2022-10-27T11:48:07.028Z] Platform:      win32
[debug] [2022-10-27T11:48:07.028Z] Node Version:  v16.18.0
[debug] [2022-10-27T11:48:07.029Z] Time:          Thu Oct 27 2022 17:48:07 GMT+0600 (Bangladesh Standard Time)
[debug] [2022-10-27T11:48:07.029Z] ----------------------------------------------------------------------
[debug] 
[info] i  Firebase optionally collects CLI and Emulator Suite usage and error reporting information to help improve our products. Data is collected in accordance with Google's privacy policy (https://policies.google.com/privacy) and is not used to identify you.
 
[info] i  To change your data collection preference at any time, run `firebase logout` and log in again. 
[info] 
[info] Visit this URL on this device to log in:
[info] https://accounts.google.com/o/oauth2/auth?client_id=563584335869-fgrhgmd47bqnekij5i8b5pr03ho849e6.apps.googleusercontent.com&scope=email%20openid%20https%3A%2F%2Fwww.googleapis.com%2Fauth%2Fcloudplatformprojects.readonly%20https%3A%2F%2Fwww.googleapis.com%2Fauth%2Ffirebase%20https%3A%2F%2Fwww.googleapis.com%2Fauth%2Fcloud-platform&response_type=code&state=832277105&redirect_uri=http%3A%2F%2Flocalhost%3A9005
[info] 
[info] Waiting for authentication...
[debug] [2022-10-27T11:48:12.552Z] Error: spawn cmd ENOENT
    at Process.ChildProcess._handle.onexit (node:internal/child_process:285:19)
    at onErrorNT (node:internal/child_process:485:16)
    at processTicksAndRejections (node:internal/process/task_queues:83:21)
[error] 
[error] Error: An unexpected error has occurred.
[debug] [2022-10-27T11:52:48.323Z] ----------------------------------------------------------------------
[debug] [2022-10-27T11:52:48.325Z] Command:       C:\Program Files\nodejs\node.exe C:\Users\arifm\AppData\Roaming\npm\node_modules\firebase-tools\lib\bin\firebase.js login
[debug] [2022-10-27T11:52:48.325Z] CLI Version:   11.15.0
[debug] [2022-10-27T11:52:48.325Z] Platform:      win32
[debug] [2022-10-27T11:52:48.325Z] Node Version:  v16.18.0
[debug] [2022-10-27T11:52:48.332Z] Time:          Thu Oct 27 2022 17:52:48 GMT+0600 (Bangladesh Standard Time)
[debug] [2022-10-27T11:52:48.332Z] ----------------------------------------------------------------------
[debug] 
[info] i  Firebase optionally collects CLI and Emulator Suite usage and error reporting information to help improve our products. Data is collected in accordance with Google's privacy policy (https://policies.google.com/privacy) and is not used to identify you.
 
[info] i  To change your data collection preference at any time, run `firebase logout` and log in again. 
[info] 
[info] Visit this URL on this device to log in:
[info] https://accounts.google.com/o/oauth2/auth?client_id=563584335869-fgrhgmd47bqnekij5i8b5pr03ho849e6.apps.googleusercontent.com&scope=email%20openid%20https%3A%2F%2Fwww.googleapis.com%2Fauth%2Fcloudplatformprojects.readonly%20https%3A%2F%2Fwww.googleapis.com%2Fauth%2Ffirebase%20https%3A%2F%2Fwww.googleapis.com%2Fauth%2Fcloud-platform&response_type=code&state=196105853&redirect_uri=http%3A%2F%2Flocalhost%3A9005
[info] 
[info] Waiting for authentication...
[debug] [2022-10-27T11:53:04.102Z] Error: spawn cmd ENOENT
    at Process.ChildProcess._handle.onexit (node:internal/child_process:285:19)
    at onErrorNT (node:internal/child_process:485:16)
    at processTicksAndRejections (node:internal/process/task_queues:83:21)
[error] 
[error] Error: An unexpected error has occurred.
